<?xml version="1.0" encoding="UTF-8"?>
<testsuite name="TextboxTests" tests="1" skipped="0" failures="0" errors="0" timestamp="2026-04-24T21:12:29.471Z" hostname="DESKTOP-LURF93L" time="8.496">
  <properties/>
  <testcase name="successTest()" classname="TextboxTests" time="8.411"/>
  <system-out><![CDATA[]]></system-out>
  <system-err><![CDATA[SLF4J: No SLF4J providers were found.
SLF4J: Defaulting to no-operation (NOP) logger implementation
SLF4J: See https://www.slf4j.org/codes.html#noProviders for further details.
апр. 25, 2026 12:12:33 AM org.openqa.selenium.devtools.CdpVersionFinder findNearestMatch
WARNING: Unable to find CDP implementation matching 147
апр. 25, 2026 12:12:33 AM org.openqa.selenium.chromium.ChromiumDriver lambda$new$5
WARNING: Unable to find version of CDP to use for 147.0.7727.56. You may need to include a dependency on a specific version of the CDP using something similar to `org.seleniumhq.selenium:selenium-devtools-v86:4.13.0` where the version ("v86") matches the version of the chromium-based browser you're using and the version number of the artifact is the same as Selenium's.
]]></system-err>
</testsuite>
